<?xml version="1.0" encoding="UTF-8"?>
<!-- Generated by org.testng.reporters.JUnitReportReporter -->
<testsuite hostname="WELCOME" failures="0" tests="1" name="com.automation.tests.MyTestngClass" time="0.018" errors="0" timestamp="2022-02-14T09:31:15 IST" skipped="0">
  <testcase classname="com.automation.tests.MyTestngClass" name="myTestCase1" time="0.018"/>
  <system-out/>
</testsuite> <!-- com.automation.tests.MyTestngClass -->
