<?xml version="1.0" encoding="UTF-8"?>
<!-- Generated by org.testng.reporters.JUnitReportReporter -->
<testsuite hostname="WELCOME" failures="0" tests="1" name="com.automation.tests.MyTestngClass" time="0.072" errors="0" timestamp="2022-02-20T19:24:41 IST" skipped="0">
  <testcase classname="com.automation.tests.MyTestngClass" name="myTestCase1" time="0.072"/>
  <system-out/>
</testsuite> <!-- com.automation.tests.MyTestngClass -->
