<?xml version="1.0" encoding="UTF-8"?>
<!-- Generated by org.testng.reporters.JUnitReportReporter -->
<testsuite hostname="WELCOME" failures="0" tests="1" name="com.oops.collections.PracticeSetCollectionStudentDetails" time="0.018" errors="0" timestamp="2022-02-07T09:56:29 IST" skipped="0">
  <testcase classname="com.oops.collections.PracticeSetCollectionStudentDetails" name="myStudentDetails" time="0.018"/>
  <system-out/>
</testsuite> <!-- com.oops.collections.PracticeSetCollectionStudentDetails -->
