<?xml version="1.0" encoding="UTF-8"?>
<!-- Generated by org.testng.reporters.JUnitReportReporter -->
<testsuite hostname="WELCOME" failures="0" tests="1" name="com.exceptionhandling.ExceptionWhileReadPropertyFile" time="0.012" errors="0" timestamp="2022-02-19T11:12:06 IST" skipped="0">
  <testcase classname="com.exceptionhandling.ExceptionWhileReadPropertyFile" name="firstTestCace" time="0.012"/>
  <system-out/>
</testsuite> <!-- com.exceptionhandling.ExceptionWhileReadPropertyFile -->
