<?xml version="1.0" encoding="UTF-8"?>
<!-- Generated by org.testng.reporters.JUnitReportReporter -->
<testsuite hostname="WELCOME" failures="0" tests="1" name="com.automation.tests.ReadWritePropertiesFile" time="0.016" errors="0" timestamp="2022-02-15T11:16:36 IST" skipped="0">
  <testcase classname="com.automation.tests.ReadWritePropertiesFile" name="readData" time="0.016"/>
  <system-out/>
</testsuite> <!-- com.automation.tests.ReadWritePropertiesFile -->
