<?xml version="1.0" encoding="UTF-8"?>
<!-- Generated by org.testng.reporters.JUnitReportReporter -->
<testsuite hostname="WELCOME" failures="0" tests="1" name="com.automation.tests.BufferedWriterAndReaderLineByLine" time="0.018" errors="0" timestamp="2022-02-18T09:19:13 IST" skipped="0">
  <testcase classname="com.automation.tests.BufferedWriterAndReaderLineByLine" name="bufferedWriterAndReader" time="0.018"/>
  <system-out/>
</testsuite> <!-- com.automation.tests.BufferedWriterAndReaderLineByLine -->
