<?xml version="1.0" encoding="UTF-8"?>
<!-- Generated by org.testng.reporters.JUnitReportReporter -->
<testsuite hostname="WELCOME" failures="0" tests="1" name="com.automation.tests.CreateNewFileWithTestngClass" time="0.016" errors="0" timestamp="2022-02-15T09:12:07 IST" skipped="0">
  <testcase classname="com.automation.tests.CreateNewFileWithTestngClass" name="createNewFile" time="0.016"/>
  <system-out/>
</testsuite> <!-- com.automation.tests.CreateNewFileWithTestngClass -->
