<?xml version="1.0" encoding="UTF-8"?>
<!-- Generated by org.testng.reporters.JUnitReportReporter -->
<testsuite hostname="WELCOME" failures="0" tests="1" name="com.automation.tests.TestngListCollection" time="6.610" errors="0" timestamp="2022-02-15T10:02:46 IST" skipped="0">
  <testcase classname="com.automation.tests.TestngListCollection" name="myListCollection" time="6.610"/>
  <system-out/>
</testsuite> <!-- com.automation.tests.TestngListCollection -->
