<?xml version="1.0" encoding="UTF-8"?>
<!-- Generated by org.testng.reporters.JUnitReportReporter -->
<testsuite hostname="WELCOME" failures="0" tests="1" name="com.automation.tests.ReadFileLineByLine" time="0.017" errors="0" timestamp="2022-02-15T12:09:49 IST" skipped="0">
  <testcase classname="com.automation.tests.ReadFileLineByLine" name="readFile" time="0.017"/>
  <system-out/>
</testsuite> <!-- com.automation.tests.ReadFileLineByLine -->
