<?xml version="1.0" encoding="UTF-8"?>
<!-- Generated by org.testng.reporters.JUnitReportReporter -->
<testsuite hostname="WELCOME" failures="0" tests="1" name="com.automation.tests.PracTestngWithTextFile" time="0.013" errors="0" timestamp="2022-02-15T09:08:19 IST" skipped="0">
  <testcase classname="com.automation.tests.PracTestngWithTextFile" name="myPractice1" time="0.013"/>
  <system-out/>
</testsuite> <!-- com.automation.tests.PracTestngWithTextFile -->
