<?xml version="1.0" encoding="UTF-8"?>
<!-- Generated by org.testng.reporters.JUnitReportReporter -->
<testsuite hostname="WELCOME" failures="0" tests="1" name="com.exceptionhandling.ExceptionHandlingPractice" time="10.295" errors="0" timestamp="2022-02-10T17:17:10 IST" skipped="0">
  <testcase classname="com.exceptionhandling.ExceptionHandlingPractice" name="myFirstTest" time="10.295"/>
  <system-out/>
</testsuite> <!-- com.exceptionhandling.ExceptionHandlingPractice -->
