<?xml version="1.0" encoding="UTF-8"?>
<!-- Generated by org.testng.reporters.JUnitReportReporter -->
<testsuite hostname="WELCOME" failures="0" tests="2" name="com.oops.collections.MyListCollection1" time="0.019" errors="0" timestamp="2022-02-04T09:55:17 IST" skipped="0">
  <testcase classname="com.oops.collections.MyListCollection1" name="myFirstTest" time="0.017"/>
  <system-out/>
  <testcase classname="com.oops.collections.MyListCollection1" name="mySecondtTest" time="0.002"/>
  <system-out/>
</testsuite> <!-- com.oops.collections.MyListCollection1 -->
