<?xml version="1.0" encoding="UTF-8"?>
<!-- Generated by org.testng.reporters.JUnitReportReporter -->
<testsuite hostname="WELCOME" failures="0" tests="1" name="com.automation.tests.PracReadWritePropertiesFile" time="0.020" errors="0" timestamp="2022-02-16T20:49:01 IST" skipped="0">
  <testcase classname="com.automation.tests.PracReadWritePropertiesFile" name="readWriteProperties" time="0.020"/>
  <system-out/>
</testsuite> <!-- com.automation.tests.PracReadWritePropertiesFile -->
