<?xml version="1.0" encoding="UTF-8"?>
<!-- Generated by org.testng.reporters.JUnitReportReporter -->
<testsuite hostname="WELCOME" failures="0" tests="1" name="demoproject.MySecondTestNgClass" time="0.021" errors="0" timestamp="2022-01-24T10:15:08 IST" skipped="0">
  <testcase classname="demoproject.MySecondTestNgClass" name="myTestCase" time="0.021"/>
  <system-out/>
</testsuite> <!-- demoproject.MySecondTestNgClass -->
