<?xml version="1.0" encoding="UTF-8"?>
<!-- Generated by org.testng.reporters.JUnitReportReporter -->
<testsuite hostname="WELCOME" failures="0" tests="1" name="demoproject.MyFirstTestNgClass" time="22.091" errors="0" timestamp="2022-01-23T11:45:05 IST" skipped="0">
  <testcase classname="demoproject.MyFirstTestNgClass" name="myfirstTestCase" time="22.091"/>
  <system-out/>
</testsuite> <!-- demoproject.MyFirstTestNgClass -->
