<?xml version="1.0" encoding="UTF-8"?>
<!-- Generated by org.testng.reporters.JUnitReportReporter -->
<testsuite hostname="WELCOME" failures="0" tests="1" name="com.oops.collections.MySetCollection1" time="0.032" errors="0" timestamp="2022-02-01T11:29:47 IST" skipped="0">
  <testcase classname="com.oops.collections.MySetCollection1" name="myTest" time="0.032"/>
  <system-out/>
</testsuite> <!-- com.oops.collections.MySetCollection1 -->
