<?xml version="1.0" encoding="UTF-8"?>
<!-- Generated by org.testng.reporters.JUnitReportReporter -->
<testsuite hostname="WELCOME" failures="0" tests="1" name="com.oops.collections.MyCollectionClass1" time="0.030" errors="0" timestamp="2022-02-01T11:24:32 IST" skipped="0">
  <testcase classname="com.oops.collections.MyCollectionClass1" name="myFirstTest" time="0.030"/>
  <system-out/>
</testsuite> <!-- com.oops.collections.MyCollectionClass1 -->
